<?xml version="1.0" encoding="UTF-8"?>
<!-- Generated by org.testng.reporters.JUnitReportReporter -->
<testsuite hostname="Dokonaly-PC" name="Tests.NewTest" tests="4" failures="0" timestamp="13 Oct 2014 12:56:06 GMT" time="0.533" errors="0">
  <testcase name="TestParsovaniaSettlement" time="0.048" classname="Tests.NewTest"/>
  <testcase name="TestParsovaniaPerson" time="0.033" classname="Tests.NewTest"/>
  <testcase name="TestParsovaniaBook" time="0.392" classname="Tests.NewTest"/>
  <testcase name="TestParsovaniaCountry" time="0.060" classname="Tests.NewTest"/>
</testsuite> <!-- Tests.NewTest -->
