<?xml version="1.0" encoding="UTF-8"?>
<!-- Generated by org.testng.reporters.JUnitReportReporter -->
<testsuite hostname="Dokonaly-PC" name="Tests.NewTest" tests="4" failures="0" timestamp="15 Oct 2014 13:39:46 GMT" time="0.520" errors="0">
  <testcase name="TestParsovaniaPerson" time="0.040" classname="Tests.NewTest"/>
  <testcase name="TestParsovaniaSettlement" time="0.040" classname="Tests.NewTest"/>
  <testcase name="TestParsovaniaCountry" time="0.063" classname="Tests.NewTest"/>
  <testcase name="TestParsovaniaBook" time="0.377" classname="Tests.NewTest"/>
</testsuite> <!-- Tests.NewTest -->
