<?xml version="1.0" encoding="UTF-8"?>
<!-- Generated by org.testng.reporters.JUnitReportReporter -->
<testsuite hostname="Dokonaly-PC" name="Tests.NewTest" tests="4" failures="0" timestamp="12 Oct 2014 11:08:48 GMT" time="0.566" errors="0">
  <testcase name="TestParsovaniaCountry" time="0.070" classname="Tests.NewTest"/>
  <testcase name="TestParsovaniaPerson" time="0.045" classname="Tests.NewTest"/>
  <testcase name="TestParsovaniaBook" time="0.402" classname="Tests.NewTest"/>
  <testcase name="TestParsovaniaSettlement" time="0.049" classname="Tests.NewTest"/>
</testsuite> <!-- Tests.NewTest -->
